2025-09-01 13:59:47,030 - gold_silver_etl.main - INFO - Starting ETL pipeline.
2025-09-01 13:59:47,030 - gold_silver_etl.main - INFO - Starting ETL pipeline.
2025-09-01 13:59:47,255 - gold_silver_etl.main - INFO - New data inserted. Creating price plot.
2025-09-01 13:59:47,255 - gold_silver_etl.main - INFO - New data inserted. Creating price plot.
2025-09-01 14:28:01,944 - gold_silver_etl.transform.errors - WARNING - Previous price is zero; cannot calculate change.
2025-09-01 14:28:01,944 - gold_silver_etl.transform.errors - WARNING - Previous price is zero; cannot calculate change.
2025-09-01 14:28:01,944 - gold_silver_etl.transform.errors - ERROR - Error calculating change: unsupported operand type(s) for -: 'int' and 'str'
2025-09-01 14:28:01,944 - gold_silver_etl.transform.errors - ERROR - Error calculating change: unsupported operand type(s) for -: 'int' and 'str'
2025-09-01 14:28:01,944 - gold_silver_etl - ERROR - Network error during API call: API error
2025-09-01 14:28:01,946 - gold_silver_etl.transform.errors - ERROR - Invalid data types in prices: could not convert string to float: 'invalid'
2025-09-01 14:28:01,946 - gold_silver_etl.transform.errors - ERROR - Invalid data types in prices: could not convert string to float: 'invalid'
2025-09-01 14:28:01,946 - gold_silver_etl.transform.errors - ERROR - Missing required keys in prices data.
2025-09-01 14:28:01,946 - gold_silver_etl.transform.errors - ERROR - Missing required keys in prices data.
2025-09-01 15:13:07,074 - gold_silver_etl.transform.errors - WARNING - Previous price is zero; cannot calculate change.
2025-09-01 15:13:07,074 - gold_silver_etl.transform.errors - WARNING - Previous price is zero; cannot calculate change.
2025-09-01 15:13:07,074 - gold_silver_etl.transform.errors - ERROR - Error calculating change: unsupported operand type(s) for -: 'int' and 'str'
2025-09-01 15:13:07,074 - gold_silver_etl.transform.errors - ERROR - Error calculating change: unsupported operand type(s) for -: 'int' and 'str'
2025-09-01 15:13:07,075 - gold_silver_etl - ERROR - Network error during API call: API error
2025-09-01 15:13:07,076 - gold_silver_etl.transform.errors - ERROR - Invalid data types in prices: could not convert string to float: 'invalid'
2025-09-01 15:13:07,076 - gold_silver_etl.transform.errors - ERROR - Invalid data types in prices: could not convert string to float: 'invalid'
2025-09-01 15:13:07,076 - gold_silver_etl.transform.errors - ERROR - Missing required keys in prices data.
2025-09-01 15:13:07,076 - gold_silver_etl.transform.errors - ERROR - Missing required keys in prices data.
2025-09-01 15:53:07,903 - gold_silver_etl.main - INFO - Starting ETL pipeline.
2025-09-01 15:53:07,903 - gold_silver_etl.main - INFO - Starting ETL pipeline.
2025-09-01 15:53:08,115 - gold_silver_etl.main - INFO - New data inserted. Creating price plot.
2025-09-01 15:53:08,115 - gold_silver_etl.main - INFO - New data inserted. Creating price plot.
2025-09-01 15:55:01,494 - gold_silver_etl.main - INFO - Starting ETL pipeline.
2025-09-01 15:55:01,494 - gold_silver_etl.main - INFO - Starting ETL pipeline.
2025-09-01 15:55:01,736 - gold_silver_etl.main - INFO - New data inserted. Creating price plot.
2025-09-01 15:55:01,736 - gold_silver_etl.main - INFO - New data inserted. Creating price plot.
2025-09-01 15:56:02,184 - gold_silver_etl.main - INFO - Starting ETL pipeline.
2025-09-01 15:56:02,184 - gold_silver_etl.main - INFO - Starting ETL pipeline.
2025-09-01 15:56:02,406 - gold_silver_etl.main - INFO - New data inserted. Creating price plot.
2025-09-01 15:56:02,406 - gold_silver_etl.main - INFO - New data inserted. Creating price plot.
2025-09-01 15:57:01,844 - gold_silver_etl.main - INFO - Starting ETL pipeline.
2025-09-01 15:57:01,844 - gold_silver_etl.main - INFO - Starting ETL pipeline.
2025-09-01 15:57:01,979 - gold_silver_etl.main - INFO - New data inserted. Creating price plot.
2025-09-01 15:57:01,979 - gold_silver_etl.main - INFO - New data inserted. Creating price plot.
2025-09-01 15:58:01,416 - gold_silver_etl.main - INFO - Starting ETL pipeline.
2025-09-01 15:58:01,416 - gold_silver_etl.main - INFO - Starting ETL pipeline.
2025-09-01 15:58:01,742 - gold_silver_etl.main - INFO - New data inserted. Creating price plot.
2025-09-01 15:58:01,742 - gold_silver_etl.main - INFO - New data inserted. Creating price plot.
2025-09-01 15:59:02,180 - gold_silver_etl.main - INFO - Starting ETL pipeline.
2025-09-01 15:59:02,180 - gold_silver_etl.main - INFO - Starting ETL pipeline.
2025-09-01 15:59:02,413 - gold_silver_etl.main - INFO - New data inserted. Creating price plot.
2025-09-01 15:59:02,413 - gold_silver_etl.main - INFO - New data inserted. Creating price plot.
2025-09-01 16:00:01,871 - gold_silver_etl.main - INFO - Starting ETL pipeline.
2025-09-01 16:00:01,871 - gold_silver_etl.main - INFO - Starting ETL pipeline.
2025-09-01 16:00:01,941 - gold_silver_etl.main - INFO - New data inserted. Creating price plot.
2025-09-01 16:00:01,941 - gold_silver_etl.main - INFO - New data inserted. Creating price plot.
2025-09-01 16:01:01,398 - gold_silver_etl.main - INFO - Starting ETL pipeline.
2025-09-01 16:01:01,398 - gold_silver_etl.main - INFO - Starting ETL pipeline.
2025-09-01 16:01:01,625 - gold_silver_etl.main - INFO - New data inserted. Creating price plot.
2025-09-01 16:01:01,625 - gold_silver_etl.main - INFO - New data inserted. Creating price plot.
2025-09-01 16:02:02,074 - gold_silver_etl.main - INFO - Starting ETL pipeline.
2025-09-01 16:02:02,074 - gold_silver_etl.main - INFO - Starting ETL pipeline.
2025-09-01 16:02:02,328 - gold_silver_etl.main - INFO - New data inserted. Creating price plot.
2025-09-01 16:02:02,328 - gold_silver_etl.main - INFO - New data inserted. Creating price plot.
2025-09-01 16:03:01,763 - gold_silver_etl.main - INFO - Starting ETL pipeline.
2025-09-01 16:03:01,763 - gold_silver_etl.main - INFO - Starting ETL pipeline.
2025-09-01 16:03:01,825 - gold_silver_etl.main - INFO - New data inserted. Creating price plot.
2025-09-01 16:03:01,825 - gold_silver_etl.main - INFO - New data inserted. Creating price plot.
2025-09-01 16:04:01,268 - gold_silver_etl.main - INFO - Starting ETL pipeline.
2025-09-01 16:04:01,268 - gold_silver_etl.main - INFO - Starting ETL pipeline.
2025-09-01 16:04:01,490 - gold_silver_etl.main - INFO - New data inserted. Creating price plot.
2025-09-01 16:04:01,490 - gold_silver_etl.main - INFO - New data inserted. Creating price plot.
2025-09-01 16:05:01,927 - gold_silver_etl.main - INFO - Starting ETL pipeline.
2025-09-01 16:05:01,927 - gold_silver_etl.main - INFO - Starting ETL pipeline.
2025-09-01 16:05:02,151 - gold_silver_etl.main - INFO - New data inserted. Creating price plot.
2025-09-01 16:05:02,151 - gold_silver_etl.main - INFO - New data inserted. Creating price plot.
2025-09-01 16:06:01,589 - gold_silver_etl.main - INFO - Starting ETL pipeline.
2025-09-01 16:06:01,589 - gold_silver_etl.main - INFO - Starting ETL pipeline.
2025-09-01 16:06:01,658 - gold_silver_etl.main - INFO - New data inserted. Creating price plot.
2025-09-01 16:06:01,658 - gold_silver_etl.main - INFO - New data inserted. Creating price plot.
2025-09-01 16:07:02,096 - gold_silver_etl.main - INFO - Starting ETL pipeline.
2025-09-01 16:07:02,096 - gold_silver_etl.main - INFO - Starting ETL pipeline.
2025-09-01 16:07:02,334 - gold_silver_etl.main - INFO - New data inserted. Creating price plot.
2025-09-01 16:07:02,334 - gold_silver_etl.main - INFO - New data inserted. Creating price plot.
2025-09-01 16:08:01,772 - gold_silver_etl.main - INFO - Starting ETL pipeline.
2025-09-01 16:08:01,772 - gold_silver_etl.main - INFO - Starting ETL pipeline.
2025-09-01 16:08:01,843 - gold_silver_etl.main - INFO - New data inserted. Creating price plot.
2025-09-01 16:08:01,843 - gold_silver_etl.main - INFO - New data inserted. Creating price plot.
